<?xml version="1.0" encoding="UTF-8"?>
<!-- Generated by org.testng.reporters.JUnitReportReporter -->
<testsuite hostname="HEERA" failures="0" tests="1" name="com.project1.sample.Sample" time="11.589" errors="0" timestamp="01 Jun 2022 09:20:27 GMT" skipped="0">
  <testcase classname="com.project1.sample.Sample" name="sample" time="11.589"/>
</testsuite> <!-- com.project1.sample.Sample -->
